TERM_SESSION_ID=w0t0p0:66C5143A-2ADD-4F84-9236-CEF57CFEA3BB
SSH_AUTH_SOCK=/private/tmp/com.apple.launchd.lIuGeuDC0B/Listeners
LC_TERMINAL_VERSION=3.3.12
Apple_PubSub_Socket_Render=/private/tmp/com.apple.launchd.C8XZwXvpAq/Render
COLORFGBG=7;0
ITERM_PROFILE=Default
XPC_FLAGS=0x0
LANG=pt_BR.UTF-8
PWD=/Users/brunomasquio
SHELL=/bin/zsh
SECURITYSESSIONID=186a7
TERM_PROGRAM_VERSION=3.3.12
TERM_PROGRAM=iTerm.app
PATH=/Users/brunomasquio/bin:/usr/local/bin:/usr/local/Cellar/php@7.4/7.4.22/bin:/Users/brunomasquio/.composer/vendor/bin:/usr/local/bin:/usr/bin:/bin:/usr/sbin:/sbin:/usr/local/Cellar/postgresql@12/12.7/bin
LC_TERMINAL=iTerm2
COLORTERM=truecolor
COMMAND_MODE=unix2003
TERM=xterm-256color
HOME=/Users/brunomasquio
TMPDIR=/var/folders/bb/x3r06yvj4rn_4j11x0vgx8d80000gn/T/
USER=brunomasquio
XPC_SERVICE_NAME=0
LOGNAME=brunomasquio
__CF_USER_TEXT_ENCODING=0x1F5:0x0:0x47
ITERM_SESSION_ID=w0t0p0:66C5143A-2ADD-4F84-9236-CEF57CFEA3BB
SHLVL=1
OLDPWD=/Users/brunomasquio
ZSH=/Users/brunomasquio/.oh-my-zsh
PAGER=less
LESS=-R
LSCOLORS=Gxfxcxdxbxegedabagacad
_=/usr/bin/env
